[09:07:04.797] Global cache location '/Users/workbook/Library/Caches/typescript/4.9', safe file path '/users/workbook/desktop/ts-server/node_modules/typescript/lib/typingsafelist.json', types map path /users/workbook/desktop/ts-server/node_modules/typescript/lib/typesmap.json
[09:07:04.799] Processing cache location '/Users/workbook/Library/Caches/typescript/4.9'
[09:07:04.804] Trying to find '/Users/workbook/Library/Caches/typescript/4.9/package.json'...
[09:07:04.806] Loaded content of '/Users/workbook/Library/Caches/typescript/4.9/package.json': {"private":true,"dependencies":{"types-registry":"^0.1.633"},"devDependencies":{"@types/assert":"^1.5.6","@types/babel-core":"^6.25.7","@types/bad-words":"^3.0.1","@types/basic-auth":"^1.1.3","@types/busboy":"^1.5.0","@types/c3":"^0.7.8","@types/codemirror":"^5.60.6","@types/color":"^3.0.3","@types/compression":"^1.7.2","@types/css":"^0.0.33","@types/dat.gui":"^0.7.7","@types/eslint":"^8.21.1","@types/express":"^4.17.17","@types/express-fileupload":"^1.4.1","@types/hapi__joi":"^17.1.9","@types/html-encoding-sniffer":"^3.0.0","@types/http-proxy":"^1.17.9","@types/http-server":"^0.12.1","@types/isarray":"^2.0.0","@types/jshint":"^2.12.1","@types/jsonlint":"^1.6.0","@types/logger":"^0.0.1","@types/mocha":"^10.0.1","@types/multer":"^1.4.7","@types/node":"^18.14.0","@types/nodemon":"^1.19.2","@types/npm":"^7.19.0","@types/object-assign":"^4.0.30","@types/parcel-bundler":"^1.12.5","@types/prop-types":"^15.7.5","@types/react":"^18.0.27","@types/react-dom":"^18.0.10","@types/react-input-autosize":"^2.2.1","@types/react-is":"^17.0.3","@types/react-router-dom":"^5.3.3","@types/react-tag-autocomplete":"^6.3.0","@types/react-tagsinput":"^3.19.9","@types/route-parser":"^0.1.4","@types/sass":"^1.43.1","@types/sharp":"^0.31.1","@types/shelljs":"^0.8.11","@types/source-map-support":"^0.5.6","@types/styled-components":"^5.1.26","@types/stylis":"^4.0.2","@types/url-join":"^4.0.1","@types/vscode":"^1.75.1","@types/winjs":"^4.4.1","@types/ws":"^8.5.4"}}
[09:07:04.806] Loaded content of '/Users/workbook/Library/Caches/typescript/4.9/package-lock.json'
[09:07:04.821] Adding entry into typings cache: 'assert' => '/Users/workbook/Library/Caches/typescript/4.9/node_modules/@types/assert/index.d.ts'
[09:07:04.824] Adding entry into typings cache: 'babel-core' => '/Users/workbook/Library/Caches/typescript/4.9/node_modules/@types/babel-core/index.d.ts'
[09:07:04.825] Adding entry into typings cache: 'bad-words' => '/Users/workbook/Library/Caches/typescript/4.9/node_modules/@types/bad-words/index.d.ts'
[09:07:04.826] Adding entry into typings cache: 'basic-auth' => '/Users/workbook/Library/Caches/typescript/4.9/node_modules/@types/basic-auth/index.d.ts'
[09:07:04.828] Adding entry into typings cache: 'busboy' => '/Users/workbook/Library/Caches/typescript/4.9/node_modules/@types/busboy/index.d.ts'
[09:07:04.830] Adding entry into typings cache: 'c3' => '/Users/workbook/Library/Caches/typescript/4.9/node_modules/@types/c3/index.d.ts'
[09:07:04.833] Adding entry into typings cache: 'codemirror' => '/Users/workbook/Library/Caches/typescript/4.9/node_modules/@types/codemirror/index.d.ts'
[09:07:04.834] Adding entry into typings cache: 'color' => '/Users/workbook/Library/Caches/typescript/4.9/node_modules/@types/color/index.d.ts'
[09:07:04.837] Adding entry into typings cache: 'compression' => '/Users/workbook/Library/Caches/typescript/4.9/node_modules/@types/compression/index.d.ts'
[09:07:04.839] Adding entry into typings cache: 'css' => '/Users/workbook/Library/Caches/typescript/4.9/node_modules/@types/css/index.d.ts'
[09:07:04.840] Adding entry into typings cache: 'dat.gui' => '/Users/workbook/Library/Caches/typescript/4.9/node_modules/@types/dat.gui/index.d.ts'
[09:07:04.844] Adding entry into typings cache: 'eslint' => '/Users/workbook/Library/Caches/typescript/4.9/node_modules/@types/eslint/index.d.ts'
[09:07:04.845] Adding entry into typings cache: 'express' => '/Users/workbook/Library/Caches/typescript/4.9/node_modules/@types/express/index.d.ts'
[09:07:04.847] Adding entry into typings cache: 'express-fileupload' => '/Users/workbook/Library/Caches/typescript/4.9/node_modules/@types/express-fileupload/index.d.ts'
[09:07:04.850] Adding entry into typings cache: 'hapi__joi' => '/Users/workbook/Library/Caches/typescript/4.9/node_modules/@types/hapi__joi/index.d.ts'
[09:07:04.852] Adding entry into typings cache: 'html-encoding-sniffer' => '/Users/workbook/Library/Caches/typescript/4.9/node_modules/@types/html-encoding-sniffer/index.d.ts'
[09:07:04.854] Adding entry into typings cache: 'http-proxy' => '/Users/workbook/Library/Caches/typescript/4.9/node_modules/@types/http-proxy/index.d.ts'
[09:07:04.855] Adding entry into typings cache: 'http-server' => '/Users/workbook/Library/Caches/typescript/4.9/node_modules/@types/http-server/index.d.ts'
[09:07:04.856] Adding entry into typings cache: 'isarray' => '/Users/workbook/Library/Caches/typescript/4.9/node_modules/@types/isarray/index.d.ts'
[09:07:04.857] Adding entry into typings cache: 'jshint' => '/Users/workbook/Library/Caches/typescript/4.9/node_modules/@types/jshint/index.d.ts'
[09:07:04.858] Adding entry into typings cache: 'jsonlint' => '/Users/workbook/Library/Caches/typescript/4.9/node_modules/@types/jsonlint/index.d.ts'
[09:07:04.859] Adding entry into typings cache: 'logger' => '/Users/workbook/Library/Caches/typescript/4.9/node_modules/@types/logger/index.d.ts'
[09:07:04.861] Adding entry into typings cache: 'mocha' => '/Users/workbook/Library/Caches/typescript/4.9/node_modules/@types/mocha/index.d.ts'
[09:07:04.862] Adding entry into typings cache: 'multer' => '/Users/workbook/Library/Caches/typescript/4.9/node_modules/@types/multer/index.d.ts'
[09:07:04.866] Adding entry into typings cache: 'node' => '/Users/workbook/Library/Caches/typescript/4.9/node_modules/@types/node/index.d.ts'
[09:07:04.867] Adding entry into typings cache: 'nodemon' => '/Users/workbook/Library/Caches/typescript/4.9/node_modules/@types/nodemon/index.d.ts'
[09:07:04.868] Adding entry into typings cache: 'npm' => '/Users/workbook/Library/Caches/typescript/4.9/node_modules/@types/npm/index.d.ts'
[09:07:04.869] Adding entry into typings cache: 'object-assign' => '/Users/workbook/Library/Caches/typescript/4.9/node_modules/@types/object-assign/index.d.ts'
[09:07:04.870] Adding entry into typings cache: 'parcel-bundler' => '/Users/workbook/Library/Caches/typescript/4.9/node_modules/@types/parcel-bundler/index.d.ts'
[09:07:04.871] Adding entry into typings cache: 'prop-types' => '/Users/workbook/Library/Caches/typescript/4.9/node_modules/@types/prop-types/index.d.ts'
[09:07:04.873] Adding entry into typings cache: 'react' => '/Users/workbook/Library/Caches/typescript/4.9/node_modules/@types/react/index.d.ts'
[09:07:04.875] Adding entry into typings cache: 'react-dom' => '/Users/workbook/Library/Caches/typescript/4.9/node_modules/@types/react-dom/index.d.ts'
[09:07:04.876] Adding entry into typings cache: 'react-input-autosize' => '/Users/workbook/Library/Caches/typescript/4.9/node_modules/@types/react-input-autosize/index.d.ts'
[09:07:04.878] Adding entry into typings cache: 'react-is' => '/Users/workbook/Library/Caches/typescript/4.9/node_modules/@types/react-is/index.d.ts'
[09:07:04.879] Adding entry into typings cache: 'react-router-dom' => '/Users/workbook/Library/Caches/typescript/4.9/node_modules/@types/react-router-dom/index.d.ts'
[09:07:04.880] Adding entry into typings cache: 'react-tag-autocomplete' => '/Users/workbook/Library/Caches/typescript/4.9/node_modules/@types/react-tag-autocomplete/index.d.ts'
[09:07:04.881] Adding entry into typings cache: 'react-tagsinput' => '/Users/workbook/Library/Caches/typescript/4.9/node_modules/@types/react-tagsinput/index.d.ts'
[09:07:04.882] Adding entry into typings cache: 'route-parser' => '/Users/workbook/Library/Caches/typescript/4.9/node_modules/@types/route-parser/index.d.ts'
[09:07:04.883] Adding entry into typings cache: 'sass' => '/Users/workbook/Library/Caches/typescript/4.9/node_modules/@types/sass/index.d.ts'
[09:07:04.885] Adding entry into typings cache: 'sharp' => '/Users/workbook/Library/Caches/typescript/4.9/node_modules/@types/sharp/index.d.ts'
[09:07:04.886] Adding entry into typings cache: 'shelljs' => '/Users/workbook/Library/Caches/typescript/4.9/node_modules/@types/shelljs/index.d.ts'
[09:07:04.888] Adding entry into typings cache: 'source-map-support' => '/Users/workbook/Library/Caches/typescript/4.9/node_modules/@types/source-map-support/index.d.ts'
[09:07:04.889] Adding entry into typings cache: 'styled-components' => '/Users/workbook/Library/Caches/typescript/4.9/node_modules/@types/styled-components/index.d.ts'
[09:07:04.890] Adding entry into typings cache: 'stylis' => '/Users/workbook/Library/Caches/typescript/4.9/node_modules/@types/stylis/index.d.ts'
[09:07:04.891] Adding entry into typings cache: 'url-join' => '/Users/workbook/Library/Caches/typescript/4.9/node_modules/@types/url-join/index.d.ts'
[09:07:04.892] Adding entry into typings cache: 'vscode' => '/Users/workbook/Library/Caches/typescript/4.9/node_modules/@types/vscode/index.d.ts'
[09:07:04.893] Adding entry into typings cache: 'winjs' => '/Users/workbook/Library/Caches/typescript/4.9/node_modules/@types/winjs/index.d.ts'
[09:07:04.894] Adding entry into typings cache: 'ws' => '/Users/workbook/Library/Caches/typescript/4.9/node_modules/@types/ws/index.d.ts'
[09:07:04.894] Finished processing cache location '/Users/workbook/Library/Caches/typescript/4.9'
[09:07:04.894] Process id: 27516
[09:07:04.895] NPM location: "/Users/workbook/.nvm/versions/node/v16.18.1/bin/npm" (explicit '--npmLocation' not  provided)
[09:07:04.895] validateDefaultNpmLocation: true
[09:07:04.895] Npm config file: /Users/workbook/Library/Caches/typescript/4.9/package.json
[09:07:04.895] Updating types-registry npm package...
[09:07:04.896] Exec: "/Users/workbook/.nvm/versions/node/v16.18.1/bin/npm" install --ignore-scripts types-registry@latest
[09:07:06.032]     Succeeded. stdout:
    
    up to date, audited 109 packages in 693ms

found 0 vulnerabilities

[09:07:06.032] Updated types-registry npm package
